<?xml version="1.0" encoding="UTF-8"?>
<!-- Generated by org.testng.reporters.JUnitXMLReporter -->
<testsuite ignored="1" hostname="Praveen" failures="0" tests="1" name="Default test" time="9.642" errors="0" timestamp="2023-12-12T02:23:19 IST">
  <testcase classname="Tests.HomePageTest" name="UpdatingDataInTable" time="9.417"/>
  <testcase classname="Tests.HomePageTest" name="Validate_HomePageOpenSuccessfully" time="0.0">
    <ignored/>
  </testcase> <!-- Validate_HomePageOpenSuccessfully -->
</testsuite> <!-- Default test -->
