<?xml version="1.0" encoding="UTF-8"?>
<testng-results ignored="0" total="2" passed="2" failed="0" skipped="0">
  <reporter-output>
  </reporter-output>
  <suite started-at="2023-12-12T02:24:41 IST" name="suite1" finished-at="2023-12-12T02:24:52 IST" duration-ms="11470">
    <groups>
    </groups>
    <test started-at="2023-12-12T02:24:41 IST" name="test1" finished-at="2023-12-12T02:24:52 IST" duration-ms="11470">
      <class name="Tests.HomePageTest">
        <test-method signature="Validate_HomePageOpenSuccessfully()[pri:0, instance:Tests.HomePageTest@a530d0a]" started-at="2023-12-12T02:24:41 IST" name="Validate_HomePageOpenSuccessfully" finished-at="2023-12-12T02:24:44 IST" duration-ms="3088" status="PASS">
          <reporter-output>
          </reporter-output>
        </test-method> <!-- Validate_HomePageOpenSuccessfully -->
        <test-method is-config="true" signature="DriverQuit()[pri:0, instance:Tests.HomePageTest@a530d0a]" started-at="2023-12-12T02:24:44 IST" name="DriverQuit" finished-at="2023-12-12T02:24:44 IST" duration-ms="150" status="PASS">
          <reporter-output>
          </reporter-output>
        </test-method> <!-- DriverQuit -->
        <test-method signature="UpdatingDataInTable()[pri:1, instance:Tests.HomePageTest@a530d0a]" started-at="2023-12-12T02:24:44 IST" name="UpdatingDataInTable" finished-at="2023-12-12T02:24:52 IST" duration-ms="8019" status="PASS">
          <reporter-output>
          </reporter-output>
        </test-method> <!-- UpdatingDataInTable -->
        <test-method is-config="true" signature="DriverQuit()[pri:0, instance:Tests.HomePageTest@a530d0a]" started-at="2023-12-12T02:24:52 IST" name="DriverQuit" finished-at="2023-12-12T02:24:52 IST" duration-ms="162" status="PASS">
          <reporter-output>
          </reporter-output>
        </test-method> <!-- DriverQuit -->
      </class> <!-- Tests.HomePageTest -->
    </test> <!-- test1 -->
  </suite> <!-- suite1 -->
</testng-results>
